[[1]]
   [1] "1"    "2"    "3"    "4"    "5"    "6"    "7"    "8"    "9"    "10"  
  [11] "11"   "12"   "13"   "14"   "15"   "16"   "17"   "18"   "19"   "20"  
  [21] "21"   "22"   "23"   "24"   "25"   "26"   "27"   "28"   "29"   "30"  
  [31] "31"   "32"   "33"   "34"   "35"   "36"   "37"   "38"   "39"   "40"  
  [41] "41"   "42"   "43"   "44"   "45"   "46"   "47"   "48"   "49"   "50"  
  [51] "51"   "52"   "53"   "54"   "55"   "56"   "57"   "58"   "59"   "60"  
  [61] "61"   "62"   "63"   "64"   "65"   "66"   "67"   "68"   "69"   "70"  
  [71] "71"   "72"   "73"   "74"   "75"   "76"   "77"   "78"   "79"   "80"  
  [81] "81"   "82"   "83"   "84"   "85"   "86"   "87"   "88"   "89"   "90"  
  [91] "91"   "92"   "93"   "94"   "95"   "96"   "97"   "98"   "99"   "100" 
 [101] "101"  "102"  "103"  "104"  "105"  "106"  "107"  "108"  "109"  "110" 
 [111] "111"  "112"  "113"  "114"  "115"  "116"  "117"  "118"  "119"  "120" 
 [121] "121"  "122"  "123"  "124"  "125"  "126"  "127"  "128"  "129"  "130" 
 [131] "131"  "132"  "133"  "134"  "135"  "136"  "137"  "138"  "139"  "140" 
 [141] "141"  "142"  "143"  "144"  "145"  "146"  "147"  "148"  "149"  "150" 
 [151] "151"  "152"  "153"  "154"  "155"  "156"  "157"  "158"  "159"  "160" 
 [161] "161"  "162"  "163"  "164"  "165"  "166"  "167"  "168"  "169"  "170" 
 [171] "171"  "172"  "173"  "174"  "175"  "176"  "177"  "178"  "179"  "180" 
 [181] "181"  "182"  "183"  "184"  "185"  "186"  "187"  "188"  "189"  "190" 
 [191] "191"  "192"  "193"  "194"  "195"  "196"  "197"  "198"  "199"  "200" 
 [201] "201"  "202"  "203"  "204"  "205"  "206"  "207"  "208"  "209"  "210" 
 [211] "211"  "212"  "213"  "214"  "215"  "216"  "217"  "218"  "219"  "220" 
 [221] "221"  "222"  "223"  "224"  "225"  "226"  "227"  "228"  "229"  "230" 
 [231] "231"  "232"  "233"  "234"  "235"  "236"  "237"  "238"  "239"  "240" 
 [241] "241"  "242"  "243"  "244"  "245"  "246"  "247"  "248"  "249"  "250" 
 [251] "251"  "252"  "253"  "254"  "255"  "256"  "257"  "258"  "259"  "260" 
 [261] "261"  "262"  "263"  "264"  "265"  "266"  "267"  "268"  "269"  "270" 
 [271] "271"  "272"  "273"  "274"  "275"  "276"  "277"  "278"  "279"  "280" 
 [281] "281"  "282"  "283"  "284"  "285"  "286"  "287"  "288"  "289"  "290" 
 [291] "291"  "292"  "293"  "294"  "295"  "296"  "297"  "298"  "299"  "300" 
 [301] "301"  "302"  "303"  "304"  "305"  "306"  "307"  "308"  "309"  "310" 
 [311] "311"  "312"  "313"  "314"  "315"  "316"  "317"  "318"  "319"  "320" 
 [321] "321"  "322"  "323"  "324"  "325"  "326"  "327"  "328"  "329"  "330" 
 [331] "331"  "332"  "333"  "334"  "335"  "336"  "337"  "338"  "339"  "340" 
 [341] "341"  "342"  "343"  "344"  "345"  "346"  "347"  "348"  "349"  "350" 
 [351] "351"  "352"  "353"  "354"  "355"  "356"  "357"  "358"  "359"  "360" 
 [361] "361"  "362"  "363"  "364"  "365"  "366"  "367"  "368"  "369"  "370" 
 [371] "371"  "372"  "373"  "374"  "375"  "376"  "377"  "378"  "379"  "380" 
 [381] "381"  "382"  "383"  "384"  "385"  "386"  "387"  "388"  "389"  "390" 
 [391] "391"  "392"  "393"  "394"  "395"  "396"  "397"  "398"  "399"  "400" 
 [401] "401"  "402"  "403"  "404"  "405"  "406"  "407"  "408"  "409"  "410" 
 [411] "411"  "412"  "413"  "414"  "415"  "416"  "417"  "418"  "419"  "420" 
 [421] "421"  "422"  "423"  "424"  "425"  "426"  "427"  "428"  "429"  "430" 
 [431] "431"  "432"  "433"  "434"  "435"  "436"  "437"  "438"  "439"  "440" 
 [441] "441"  "442"  "443"  "444"  "445"  "446"  "447"  "448"  "449"  "450" 
 [451] "451"  "452"  "453"  "454"  "455"  "456"  "457"  "458"  "459"  "460" 
 [461] "461"  "462"  "463"  "464"  "465"  "466"  "467"  "468"  "469"  "470" 
 [471] "471"  "472"  "473"  "474"  "475"  "476"  "477"  "478"  "479"  "480" 
 [481] "481"  "482"  "483"  "484"  "485"  "486"  "487"  "488"  "489"  "490" 
 [491] "491"  "492"  "493"  "494"  "495"  "496"  "497"  "498"  "499"  "500" 
 [501] "501"  "502"  "503"  "504"  "505"  "506"  "507"  "508"  "509"  "510" 
 [511] "511"  "512"  "513"  "514"  "515"  "516"  "517"  "518"  "519"  "520" 
 [521] "521"  "522"  "523"  "524"  "525"  "526"  "527"  "528"  "529"  "530" 
 [531] "531"  "532"  "533"  "534"  "535"  "536"  "537"  "538"  "539"  "540" 
 [541] "541"  "542"  "543"  "544"  "545"  "546"  "547"  "548"  "549"  "550" 
 [551] "551"  "552"  "553"  "554"  "555"  "556"  "557"  "558"  "559"  "560" 
 [561] "561"  "562"  "563"  "564"  "565"  "566"  "567"  "568"  "569"  "570" 
 [571] "571"  "572"  "573"  "574"  "575"  "576"  "577"  "578"  "579"  "580" 
 [581] "581"  "582"  "583"  "584"  "585"  "586"  "587"  "588"  "589"  "590" 
 [591] "591"  "592"  "593"  "594"  "595"  "596"  "597"  "598"  "599"  "600" 
 [601] "601"  "602"  "603"  "604"  "605"  "606"  "607"  "608"  "609"  "610" 
 [611] "611"  "612"  "613"  "614"  "615"  "616"  "617"  "618"  "619"  "620" 
 [621] "621"  "622"  "623"  "624"  "625"  "626"  "627"  "628"  "629"  "630" 
 [631] "631"  "632"  "633"  "634"  "635"  "636"  "637"  "638"  "639"  "640" 
 [641] "641"  "642"  "643"  "644"  "645"  "646"  "647"  "648"  "649"  "650" 
 [651] "651"  "652"  "653"  "654"  "655"  "656"  "657"  "658"  "659"  "660" 
 [661] "661"  "662"  "663"  "664"  "665"  "666"  "667"  "668"  "669"  "670" 
 [671] "671"  "672"  "673"  "674"  "675"  "676"  "677"  "678"  "679"  "680" 
 [681] "681"  "682"  "683"  "684"  "685"  "686"  "687"  "688"  "689"  "690" 
 [691] "691"  "692"  "693"  "694"  "695"  "696"  "697"  "698"  "699"  "700" 
 [701] "701"  "702"  "703"  "704"  "705"  "706"  "707"  "708"  "709"  "710" 
 [711] "711"  "712"  "713"  "714"  "715"  "716"  "717"  "718"  "719"  "720" 
 [721] "721"  "722"  "723"  "724"  "725"  "726"  "727"  "728"  "729"  "730" 
 [731] "731"  "732"  "733"  "734"  "735"  "736"  "737"  "738"  "739"  "740" 
 [741] "741"  "742"  "743"  "744"  "745"  "746"  "747"  "748"  "749"  "750" 
 [751] "751"  "752"  "753"  "754"  "755"  "756"  "757"  "758"  "759"  "760" 
 [761] "761"  "762"  "763"  "764"  "765"  "766"  "767"  "768"  "769"  "770" 
 [771] "771"  "772"  "773"  "774"  "775"  "776"  "777"  "778"  "779"  "780" 
 [781] "781"  "782"  "783"  "784"  "785"  "786"  "787"  "788"  "789"  "790" 
 [791] "791"  "792"  "793"  "794"  "795"  "796"  "797"  "798"  "799"  "800" 
 [801] "801"  "802"  "803"  "804"  "805"  "806"  "807"  "808"  "809"  "810" 
 [811] "811"  "812"  "813"  "814"  "815"  "816"  "817"  "818"  "819"  "820" 
 [821] "821"  "822"  "823"  "824"  "825"  "826"  "827"  "828"  "829"  "830" 
 [831] "831"  "832"  "833"  "834"  "835"  "836"  "837"  "838"  "839"  "840" 
 [841] "841"  "842"  "843"  "844"  "845"  "846"  "847"  "848"  "849"  "850" 
 [851] "851"  "852"  "853"  "854"  "855"  "856"  "857"  "858"  "859"  "860" 
 [861] "861"  "862"  "863"  "864"  "865"  "866"  "867"  "868"  "869"  "870" 
 [871] "871"  "872"  "873"  "874"  "875"  "876"  "877"  "878"  "879"  "880" 
 [881] "881"  "882"  "883"  "884"  "885"  "886"  "887"  "888"  "889"  "890" 
 [891] "891"  "892"  "893"  "894"  "895"  "896"  "897"  "898"  "899"  "900" 
 [901] "901"  "902"  "903"  "904"  "905"  "906"  "907"  "908"  "909"  "910" 
 [911] "911"  "912"  "913"  "914"  "915"  "916"  "917"  "918"  "919"  "920" 
 [921] "921"  "922"  "923"  "924"  "925"  "926"  "927"  "928"  "929"  "930" 
 [931] "931"  "932"  "933"  "934"  "935"  "936"  "937"  "938"  "939"  "940" 
 [941] "941"  "942"  "943"  "944"  "945"  "946"  "947"  "948"  "949"  "950" 
 [951] "951"  "952"  "953"  "954"  "955"  "956"  "957"  "958"  "959"  "960" 
 [961] "961"  "962"  "963"  "964"  "965"  "966"  "967"  "968"  "969"  "970" 
 [971] "971"  "972"  "973"  "974"  "975"  "976"  "977"  "978"  "979"  "980" 
 [981] "981"  "982"  "983"  "984"  "985"  "986"  "987"  "988"  "989"  "990" 
 [991] "991"  "992"  "993"  "994"  "995"  "996"  "997"  "998"  "999"  "1000"
[1001] "1001" "1002" "1003" "1004" "1005" "1006" "1007" "1008" "1009" "1010"
[1011] "1011" "1012" "1013" "1014" "1015" "1016" "1017" "1018" "1019" "1020"
[1021] "1021" "1022" "1023" "1024" "1025" "1026" "1027" "1028" "1029" "1030"
[1031] "1031" "1032" "1033" "1034" "1035" "1036" "1037" "1038" "1039" "1040"
[1041] "1041" "1042" "1043" "1044" "1045" "1046" "1047" "1048" "1049" "1050"

[[2]]
 [1] "id"           "vf"           "course"       "trial"        "left"        
 [6] "start"        "stop"         "obj_coll"     "gripper_coll" "duration"    

[1] "mean durations: c1, c1vf, c2, ..."
[1] 2010.943
[1] 2326.908
[1] 5321.541
[1] 5809.029
[1] 9707.462
[1] 10169.2
[1] ""
[1] "outlier durations"
 [1] 6222 4176 5017 4278 5584 5015 5104 5070 5004 5082 4757 5842 9248 4925
[1]  6769  5575  5843  8913 23043
[1] 11036 11460 14264 11026 11560
 [1] 15682 12029 10611 10108 15649 10421 10768 11438 12755 14057  9696 11181
[13] 10041 15949 15739 16721  9908
 [1] 27008 26780 25080 22340 33162 23244 33956 37351 22863 32348 21367
[1] 30259 31946 27321
[1] ""
[1] "------------------Check normality on data without outliers---------------------"
[1] "Shapiro-Wilk Test"
[1] "c1"

	Shapiro-Wilk normality test

data:  c1_duration_clean
W = 0.81781, p-value = 1.814e-13

[1] "c1vf"

	Shapiro-Wilk normality test

data:  c1vf_duration_clean
W = 0.56398, p-value < 2.2e-16

[1] "c2"

	Shapiro-Wilk normality test

data:  c2_duration_clean
W = 0.92195, p-value = 5.598e-08

[1] "c2vf"

	Shapiro-Wilk normality test

data:  c2vf_duration_clean
W = 0.82143, p-value = 3.105e-13

[1] "c3"

	Shapiro-Wilk normality test

data:  c3_duration_clean
W = 0.82666, p-value = 4.617e-13

[1] "c3vf"

	Shapiro-Wilk normality test

data:  c3vf_duration_clean
W = 0.9232, p-value = 6.383e-08

[1] "------------------Check significance on data without outliers---------------------"
[1] "Wilcox Test"
[1] "c1"

	Wilcoxon signed rank test with continuity correction

data:  c1_duration_clean and c1vf_duration_clean
V = 5571.5, p-value = 0.002166
alternative hypothesis: true location shift is not equal to 0

[1] "c2"

	Wilcoxon signed rank test with continuity correction

data:  c2_duration_clean and c2vf_duration_clean
V = 6038.5, p-value = 0.03231
alternative hypothesis: true location shift is not equal to 0

[1] "c3"

	Wilcoxon signed rank test with continuity correction

data:  c3_duration_clean and c3vf_duration_clean
V = 6227.5, p-value = 0.04921
alternative hypothesis: true location shift is not equal to 0

[1] "------------------Check Baysian Factor of means---------------------"
[1] "c1"
Bayes factor analysis
--------------
[1] Alt., r=0.707 : 0.7808658 ±0%

Against denominator:
  Null, mu = 0 
---
Bayes factor type: BFoneSample, JZS

[1] "c2"
Bayes factor analysis
--------------
[1] Alt., r=0.707 : 1.690585 ±0%

Against denominator:
  Null, mu = 0 
---
Bayes factor type: BFoneSample, JZS

[1] "c3"
Bayes factor analysis
--------------
[1] Alt., r=0.707 : 0.181214 ±0%

Against denominator:
  Null, mu = 0 
---
Bayes factor type: BFoneSample, JZS

